======================================================================
v9: HOLONOMY CODE -- winding-number attractors of a non-reciprocal ring
======================================================================
N=24 oscillators, Sakaguchi alpha=0.35 (non-reciprocal), ring (beta_1=1)

[1] CODEBOOK (400 random inits): 5 stable winding-number classes reached: [-2, -1, 0, 1, 2]
    selection cost log2(K) = 2.32 bits picks 1 of 5 rich attractors

[2] SELECTION by basin (same rule R for every class -> target-agnostic):
    target class q=-2: realized winding=-2  clean=True
    target class q=-1: realized winding=-1  clean=True
    target class q=+0: realized winding=+0  clean=True
    target class q=+1: realized winding=+1  clean=True
    target class q=+2: realized winding=+2  clean=True
    => a FROZEN rule realizes 100% of its classes on demand; R is identical
       for every class, so every class is 'held-out' (structural agnosticism).

[3] SELF-REPAIR (topological protection has a FINITE radius = B3/H4 double edge):
    sub-threshold (2 nodes, bounded)          : q 1 -> healed +1  (RECOVERED (topologically protected))
    supra-threshold (10 nodes, scrambled)     : q 1 -> healed +0  (class changed (phase slip))
    => small damage is corrected (the integer is protected); large damage forces a
       phase slip to a new class. Repair radius = correction cost: exactly the H4
       double edge / B3 distance bound, here as a topological (proven) invariant.

[4] NON-EQUILIBRIUM signature (persistent current; alpha!=0 vs alpha=0):
    alpha=0.00: collective drift Omega=+0.000 rad/s, edge current=+12.000  (static (equilibrium))
    alpha=0.35: collective drift Omega=-0.594 rad/s, edge current=+4.145  (CURRENT (NESS))

[interpretation] The target is the integer winding class (a cohomology class in
  H^1(ring)); no single oscillator holds it (each is a plain rotation); the drive
  computes the full phase field by harmonic completion; self-repair is topological
  protection of the integer; and alpha!=0 makes it a genuine non-equilibrium steady
  state (persistent current), NOT a minimum of any potential. Diffusion = the q=0 null.

JSON_V9_BEGIN
{"codebook_classes": [-2, -1, 0, 1, 2], "K": 5, "selection_bits": 2.321928094887362, "realized": [[-2, -2, true], [-1, -1, true], [0, 0, true], [1, 1, true], [2, 2, true]], "repair": {"sub-threshold (2 nodes, bounded)": {"after": 1, "recovered": true}, "supra-threshold (10 nodes, scrambled)": {"after": 0, "recovered": false}}, "drift_alpha_0.00": 1.137689479661456e-15, "drift_alpha_0.35": -0.593916424316833}
JSON_V9_END
